c:\users\game room\desktop\battlegrounds\battlegrounds gui\battlegrounds gui\generatedfiles\debug\moc_battlegroundsgui.cpp
c:\users\game room\desktop\battlegrounds\battlegrounds gui\battlegrounds gui\generatedfiles\qrc_battlegroundsgui.cpp
c:\users\game room\desktop\battlegrounds\battlegrounds gui\battlegrounds gui\generatedfiles\ui_battlegroundsgui.h
c:\users\game room\desktop\battlegrounds\battlegrounds gui\battlegrounds gui\generatedfiles\ui_defeatscreen.h
c:\users\game room\desktop\battlegrounds\battlegrounds gui\battlegrounds gui\generatedfiles\ui_gamesetup.h
c:\users\game room\desktop\battlegrounds\battlegrounds gui\battlegrounds gui\generatedfiles\ui_unitplacement.h
c:\users\game room\desktop\battlegrounds\battlegrounds gui\battlegrounds gui\generatedfiles\ui_userturn.h
c:\users\game room\desktop\battlegrounds\battlegrounds gui\battlegrounds gui\x64\debug\battlegrounds gui.pch
c:\users\game room\desktop\battlegrounds\battlegrounds gui\battlegrounds gui\x64\debug\vc141.pdb
c:\users\game room\desktop\battlegrounds\battlegrounds gui\battlegrounds gui\x64\debug\stdafx.obj
c:\users\game room\desktop\battlegrounds\battlegrounds gui\battlegrounds gui\x64\debug\defeatscreen.obj
c:\users\game room\desktop\battlegrounds\battlegrounds gui\battlegrounds gui\x64\debug\map.obj
c:\users\game room\desktop\battlegrounds\battlegrounds gui\battlegrounds gui\x64\debug\battlegroundsgui.obj
c:\users\game room\desktop\battlegrounds\battlegrounds gui\battlegrounds gui\x64\debug\player.obj
c:\users\game room\desktop\battlegrounds\battlegrounds gui\battlegrounds gui\x64\debug\gamesetup.obj
c:\users\game room\desktop\battlegrounds\battlegrounds gui\battlegrounds gui\x64\debug\unitplacement.obj
c:\users\game room\desktop\battlegrounds\battlegrounds gui\battlegrounds gui\x64\debug\main.obj
c:\users\game room\desktop\battlegrounds\battlegrounds gui\battlegrounds gui\x64\debug\userturn.obj
c:\users\game room\desktop\battlegrounds\battlegrounds gui\battlegrounds gui\x64\debug\moc_battlegroundsgui.obj
c:\users\game room\desktop\battlegrounds\battlegrounds gui\battlegrounds gui\x64\debug\qrc_battlegroundsgui.obj
c:\users\game room\desktop\battlegrounds\battlegrounds gui\x64\debug\battlegrounds gui.ilk
c:\users\game room\desktop\battlegrounds\battlegrounds gui\x64\debug\battlegrounds gui.exe
c:\users\game room\desktop\battlegrounds\battlegrounds gui\x64\debug\battlegrounds gui.pdb
c:\users\game room\desktop\battlegrounds\battlegrounds gui\battlegrounds gui\x64\debug\battlegr.b12702ad.tlog\battlegrounds gui.write.1u.tlog
c:\users\game room\desktop\battlegrounds\battlegrounds gui\battlegrounds gui\x64\debug\battlegr.b12702ad.tlog\cl.command.1.tlog
c:\users\game room\desktop\battlegrounds\battlegrounds gui\battlegrounds gui\x64\debug\battlegr.b12702ad.tlog\cl.read.1.tlog
c:\users\game room\desktop\battlegrounds\battlegrounds gui\battlegrounds gui\x64\debug\battlegr.b12702ad.tlog\cl.write.1.tlog
c:\users\game room\desktop\battlegrounds\battlegrounds gui\battlegrounds gui\x64\debug\battlegr.b12702ad.tlog\link.command.1.tlog
c:\users\game room\desktop\battlegrounds\battlegrounds gui\battlegrounds gui\x64\debug\battlegr.b12702ad.tlog\link.read.1.tlog
c:\users\game room\desktop\battlegrounds\battlegrounds gui\battlegrounds gui\x64\debug\battlegr.b12702ad.tlog\link.write.1.tlog
