  Moc'ing BattlegroundsGUI.h...
  Rcc'ing BattlegroundsGUI.qrc...
  Uic'ing BattlegroundsGUI.ui...
  Uic'ing DefeatScreen.ui...
  RCC: Warning: No resources in 'C:\Users\Game Room\Desktop\BattleGrounds\Battlegrounds GUI\Battlegrounds GUI\BattlegroundsGUI.qrc'.
  Uic'ing GameSetup.ui...
  Uic'ing UnitPlacement.ui...
  Uic'ing UserTurn.ui...
  stdafx.cpp
  BattlegroundsGUI.cpp
  DefeatScreen.cpp
  GameSetup.cpp
  main.cpp
c:\users\game room\desktop\battlegrounds\battlegrounds gui\battlegrounds gui\battlegroundsgui.cpp(20): error C2039: 'singlePlayerButton': is not a member of 'UnitPlacement'
  c:\users\game room\desktop\battlegrounds\battlegrounds gui\battlegrounds gui\battlegroundsgui.h(42): note: see declaration of 'UnitPlacement'
c:\users\game room\desktop\battlegrounds\battlegrounds gui\battlegrounds gui\battlegroundsgui.cpp(20): error C2228: left of '.isChecked' must have class/struct/union
  Map.cpp
  Player.cpp
  UnitPlacement.cpp
  UserTurn.cpp
c:\users\game room\desktop\battlegrounds\battlegrounds gui\battlegrounds gui\map.cpp(93): warning C4715: 'Map::getTerrain': not all control paths return a value
