h:\repo\battlegroundsproject\x64\debug\vc120.pdb
h:\repo\battlegroundsproject\x64\debug\vc120.idb
h:\repo\battlegroundsproject\x64\debug\computer.nativecodeanalysis.xml
h:\repo\battlegroundsproject\x64\debug\main.nativecodeanalysis.xml
h:\repo\battlegroundsproject\x64\debug\map.nativecodeanalysis.xml
h:\repo\battlegroundsproject\x64\debug\player.nativecodeanalysis.xml
h:\repo\battlegroundsproject\x64\debug\player.obj
h:\repo\battlegroundsproject\x64\debug\map.obj
h:\repo\battlegroundsproject\x64\debug\main.obj
h:\repo\battlegroundsproject\x64\debug\computer.obj
h:\repo\x64\debug\battlegroundsproject.ilk
h:\repo\x64\debug\battlegroundsproject.exe
h:\repo\battlegroundsproject\x64\debug\nativecodeanalysis.read.1.tlog
h:\repo\battlegroundsproject\x64\debug\vc.nativecodeanalysis.all.xml
h:\repo\x64\debug\battlegroundsproject.exe.lastcodeanalysissucceeded
h:\repo\battlegroundsproject\x64\debug\battlegr.bf8288f6.tlog\cl.command.1.tlog
h:\repo\battlegroundsproject\x64\debug\battlegr.bf8288f6.tlog\cl.write.1.tlog
h:\repo\battlegroundsproject\x64\debug\battlegr.bf8288f6.tlog\cl.read.1.tlog
h:\repo\battlegroundsproject\x64\debug\battlegr.bf8288f6.tlog\link.read.1.tlog
h:\repo\battlegroundsproject\x64\debug\battlegr.bf8288f6.tlog\link.command.1.tlog
h:\repo\battlegroundsproject\x64\debug\battlegr.bf8288f6.tlog\link.write.1.tlog
